<?xml version="1.0" encoding="UTF-8"?>
<testsuite name="com.mycompany.processors.TestListenTCP" time="37.911" tests="6" errors="0" skipped="0" failures="3">
  <properties>
[...]
</properties>
  <testcase name="testTLSClienAuthRequiredAndClientCertProvided" classname="com.mycompany.processors.TestListenTCP" time="11.7">
    <failure message="expected:&lt;5&gt; but was:&lt;0&gt;" type="java.lang.AssertionError"><![CDATA[java.lang.AssertionError: expected:<5> but was:<0>
	at org.junit.Assert.fail(Assert.java:88)
	at org.junit.Assert.failNotEquals(Assert.java:834)
	at org.junit.Assert.assertEquals(Assert.java:645)
	at org.junit.Assert.assertEquals(Assert.java:631)
	at com.mycompany.processors.TestListenTCP.runTCP(TestListenTCP.java:251)
	at com.mycompany.processors.TestListenTCP.testTLSClienAuthRequiredAndClientCertProvided(TestListenTCP.java:137)
]]></failure>
    <system-out><![CDATA[Port: 49476
]]></system-out>
    <system-err><![CDATA[[pool-1-thread-1] ERROR com.mycompany.processors.ListenTCP - ListenTCP[id=acff9342-6db7-4866-a0e9-5096e871d507] Error reading from channel due to Tag mismatch: javax.net.ssl.SSLException: Tag mismatch
]]></system-err>
  </testcase>
  <testcase name="testCustomValidate" classname="com.mycompany.processors.TestListenTCP" time="0.106"/>
  <testcase name="testListenTCP" classname="com.mycompany.processors.TestListenTCP" time="1.55"/>
  <testcase name="testListenTCPBatching" classname="com.mycompany.processors.TestListenTCP" time="1.256"/>
  <testcase name="testTLSClienAuthRequiredAndClientCertNotProvided" classname="com.mycompany.processors.TestListenTCP" time="11.14">
    <failure message="expected:&lt;5&gt; but was:&lt;0&gt;" type="java.lang.AssertionError"><![CDATA[java.lang.AssertionError: expected:<5> but was:<0>
	at org.junit.Assert.fail(Assert.java:88)
	at org.junit.Assert.failNotEquals(Assert.java:834)
	at org.junit.Assert.assertEquals(Assert.java:645)
	at org.junit.Assert.assertEquals(Assert.java:631)
	at com.mycompany.processors.TestListenTCP.runTCP(TestListenTCP.java:251)
	at com.mycompany.processors.TestListenTCP.testTLSClienAuthRequiredAndClientCertNotProvided(TestListenTCP.java:169)
]]></failure>
    <system-out><![CDATA[Port: 49482
]]></system-out>
    <system-err><![CDATA[[pool-4-thread-1] ERROR org.apache.nifi.remote.io.socket.ssl.SSLSocketChannel - org.apache.nifi.remote.io.socket.ssl.SSLSocketChannel@3c00f2fe Failed to connect due to javax.net.ssl.SSLHandshakeException: Empty client certificate chain
[pool-4-thread-1] ERROR com.mycompany.processors.ListenTCP - ListenTCP[id=8eec82d1-a2bd-4870-ae22-101104bafc1d] Error reading from channel due to Empty client certificate chain: javax.net.ssl.SSLHandshakeException: Empty client certificate chain
]]></system-err>
  </testcase>
  <testcase name="testTLSClienAuthNoneAndClientCertNotProvided" classname="com.mycompany.processors.TestListenTCP" time="12.159">
    <failure message="expected:&lt;5&gt; but was:&lt;0&gt;" type="java.lang.AssertionError"><![CDATA[java.lang.AssertionError: expected:<5> but was:<0>
	at org.junit.Assert.fail(Assert.java:88)
	at org.junit.Assert.failNotEquals(Assert.java:834)
	at org.junit.Assert.assertEquals(Assert.java:645)
	at org.junit.Assert.assertEquals(Assert.java:631)
	at com.mycompany.processors.TestListenTCP.runTCP(TestListenTCP.java:251)
	at com.mycompany.processors.TestListenTCP.testTLSClienAuthNoneAndClientCertNotProvided(TestListenTCP.java:198)
]]></failure>
    <system-out><![CDATA[Port: 49484
]]></system-out>
    <system-err><![CDATA[[pool-5-thread-1] ERROR com.mycompany.processors.ListenTCP - [ListenTCP[id=7527d26d-98aa-4e36-9af7-ecb4deb571f3]] Error reading from channel due to channel being closed
java.nio.channels.ClosedChannelException
	at java.base/sun.nio.ch.SocketChannelImpl.ensureOpenAndConnected(SocketChannelImpl.java:224)
	at java.base/sun.nio.ch.SocketChannelImpl.implWrite(SocketChannelImpl.java:560)
	at java.base/sun.nio.ch.SocketChannelImpl.write(SocketChannelImpl.java:618)]]></system-err>
  </testcase>
</testsuite>